[jobboard.inwavethemes.com/home-default/index.html]
[backblue.gif]
[fade.gif]
[index.html]
[jobboard.inwavethemes.com/home-default/index.html]
[static-jobboard.inwavethemes.com/wp-content/cache/autoptimize/css/autoptimize_7bb037dd8f062a1e93ffec5e5142f7f2.css]
[cdn.shortpixel.ai/client/q_glossy,ret_img/http_/jobboard.inwavethemes.com/wp-content/uploads/2018/05/company_cover_12.1c7da.delayed]
[jobboard.inwavethemes.com/wp-content/uploads/2018/05/company_cover_12c7da.jpg]
[cdn.shortpixel.ai/client/q_glossy,ret_img/http_/jobboard.inwavethemes.com/wp-content/plugins/contact-form-7/images/ajax-loader.gif]
[jobboard.inwavethemes.com/wp-content/plugins/contact-form-7/images/ajax-loader.gif]
[cdn.shortpixel.ai/client/q_glossy,ret_img/http_/jobboard.inwavethemes.com/wp-content/plugins/inwave-common/assets/images/bg-info-item4.png]
[jobboard.inwavethemes.com/wp-content/plugins/inwave-common/assets/images/bg-info-item4.png]
[cdn.shortpixel.ai/client/q_glossy,ret_img/http_/jobboard.inwavethemes.com/wp-content/plugins/iwjob/assets/img/loading.gif]
[jobboard.inwavethemes.com/wp-content/plugins/iwjob/assets/img/loading.gif]
[cdn.shortpixel.ai/client/q_glossy,ret_img/http_/jobboard.inwavethemes.com/wp-content/plugins/iwjob/assets/owlcarousel/assets/owl.video.play.png]
[jobboard.inwavethemes.com/wp-content/plugins/iwjob/assets/owlcarousel/assets/owl.video.play.png]
[cdn.shortpixel.ai/client/q_glossy,ret_img/http_/jobboard.inwavethemes.com/wp-content/plugins/iwjob/assets/images/bg_dah_employer_detail.png]
[jobboard.inwavethemes.com/wp-content/plugins/iwjob/assets/images/bg_dah_employer_detail.png]
[cdn.shortpixel.ai/client/q_glossy,ret_img/http_/jobboard.inwavethemes.com/wp-content/themes/injob/assets/images/404_bg.jpg]
[jobboard.inwavethemes.com/wp-content/themes/injob/assets/images/404_bg.jpg]
[cdn.shortpixel.ai/client/q_glossy,ret_img/http_/jobboard.inwavethemes.com/wp-content/uploads/2018/05/job_heading_bg.jpg]
[jobboard.inwavethemes.com/wp-content/uploads/2018/05/job_heading_bg.jpg]
[cdn.shortpixel.ai/client/q_glossy,ret_img/http_/jobboard.inwavethemes.com/wp-content/plugins/js_composer/assets/vc/alert.11.delayed]
[cdn.shortpixel.ai/client/q_glossy,ret_img/http_/jobboard.inwavethemes.com/wp-content/plugins/iwjob/includes/class/fields/assets/img/drag_icon.gif]
[jobboard.inwavethemes.com/wp-content/plugins/iwjob/includes/class/fields/assets/img/drag_icon.gif]
[static-jobboard.inwavethemes.com/wp-content/cache/autoptimize/css/autoptimize_7bb037dd8f062a1e93ffec5e5142f7f2.css]
[jobboard.inwavethemes.com/wp-content/plugins/js_composer/assets/vc/alert.png]
[jobboard.inwavethemes.com/wp-content/plugins/iwjob/assets/image/scale.png]
[jobboard.inwavethemes.com/wp-content/plugins/iwjob/assets/image/scale.png]
